Arguments: 
  /usr/bin/node /usr/share/yarn/bin/yarn.js

PATH: 
  /home/francis/Downloads/anaconda3/bin:/home/francis/.local/bin:/usr/local/sbin:/usr/local/bin:/usr/sbin:/usr/bin:/sbin:/bin:/usr/games:/usr/local/games:/snap/bin

Yarn version: 
  1.22.19

Node version: 
  16.19.0

Platform: 
  linux x64

Trace: 
  Error: read ECONNRESET
      at TLSWrap.onStreamRead (node:internal/stream_base_commons:217:20)

npm manifest: 
  {
    "private": true,
    "engines": {
      "node": "16.19.0"
    },
    "scripts": {
      "dev": "nodemon index.js",
      "start": "node index.js"
    },
    "devDependencies": {
      "nodemon": "^2.0.18"
    },
    "dependencies": {
      "axios": "^0.27.2",
      "bcrypt": "^5.0.1",
      "body-parser": "^1.20.0",
      "cors": "^2.8.5",
      "dotenv": "^16.0.1",
      "express": "^4.18.1",
      "mongoose": "^6.4.0",
      "multer": "^1.4.5-lts.1"
    }
  }

yarn manifest: 
  No manifest

Lockfile: 
  No lockfile
